<?xml version="1.0" encoding="UTF-8"?>
<!-- Generated by org.testng.reporters.JUnitXMLReporter -->
<testsuite ignored="0" hostname="beeafcabeefc305621747caddfedbbbeone-0" failures="0" tests="3" name="Surefire test" time="46.59" errors="0" timestamp="2023-09-30T12:07:07 UTC">
  <testcase classname="runner.Testcase2" name="clothpg" time="12.418"/>
  <testcase classname="runner.Testcase1" name="toyspg" time="6.095"/>
  <testcase classname="runner.Testcase3" name="cartpg" time="13.16"/>
</testsuite> <!-- Surefire test -->
