<?xml version="1.0" encoding="UTF-8"?>
<testng-results ignored="0" total="3" passed="3" failed="0" skipped="0">
  <reporter-output>
  </reporter-output>
  <suite started-at="2023-09-30T12:06:20 UTC" name="Surefire suite" finished-at="2023-09-30T12:07:07 UTC" duration-ms="46590">
    <groups>
    </groups>
    <test started-at="2023-09-30T12:06:20 UTC" name="Surefire test" finished-at="2023-09-30T12:07:07 UTC" duration-ms="46590">
      <class name="runner.Testcase1">
        <test-method is-config="true" signature="beforeMethod()[pri:0, instance:runner.Testcase1@60d1a32f]" started-at="2023-09-30T12:06:40 UTC" name="beforeMethod" finished-at="2023-09-30T12:06:44 UTC" duration-ms="3832" status="PASS">
          <reporter-output>
          </reporter-output>
        </test-method> <!-- beforeMethod -->
        <test-method signature="toyspg()[pri:1, instance:runner.Testcase1@60d1a32f]" started-at="2023-09-30T12:06:44 UTC" name="toyspg" finished-at="2023-09-30T12:06:50 UTC" duration-ms="6095" status="PASS">
          <reporter-output>
          </reporter-output>
        </test-method> <!-- toyspg -->
        <test-method is-config="true" signature="afterMethod()[pri:0, instance:runner.Testcase1@60d1a32f]" started-at="2023-09-30T12:06:50 UTC" name="afterMethod" finished-at="2023-09-30T12:06:50 UTC" duration-ms="173" status="PASS">
          <reporter-output>
          </reporter-output>
        </test-method> <!-- afterMethod -->
      </class> <!-- runner.Testcase1 -->
      <class name="runner.Testcase2">
        <test-method is-config="true" signature="beforeMethod()[pri:0, instance:runner.Testcase2@60a2630a]" started-at="2023-09-30T12:06:21 UTC" name="beforeMethod" finished-at="2023-09-30T12:06:27 UTC" duration-ms="6303" status="PASS">
          <reporter-output>
          </reporter-output>
        </test-method> <!-- beforeMethod -->
        <test-method signature="clothpg()[pri:2, instance:runner.Testcase2@60a2630a]" started-at="2023-09-30T12:06:27 UTC" name="clothpg" finished-at="2023-09-30T12:06:39 UTC" duration-ms="12418" status="PASS">
          <reporter-output>
          </reporter-output>
        </test-method> <!-- clothpg -->
        <test-method is-config="true" signature="afterMethod()[pri:0, instance:runner.Testcase2@60a2630a]" started-at="2023-09-30T12:06:39 UTC" name="afterMethod" finished-at="2023-09-30T12:06:40 UTC" duration-ms="415" status="PASS">
          <reporter-output>
          </reporter-output>
        </test-method> <!-- afterMethod -->
      </class> <!-- runner.Testcase2 -->
      <class name="runner.Testcase3">
        <test-method is-config="true" signature="beforeMethod()[pri:0, instance:runner.Testcase3@5c87bfe2]" started-at="2023-09-30T12:06:50 UTC" name="beforeMethod" finished-at="2023-09-30T12:06:54 UTC" duration-ms="3923" status="PASS">
          <reporter-output>
          </reporter-output>
        </test-method> <!-- beforeMethod -->
        <test-method signature="cartpg()[pri:3, instance:runner.Testcase3@5c87bfe2]" started-at="2023-09-30T12:06:54 UTC" name="cartpg" finished-at="2023-09-30T12:07:07 UTC" duration-ms="13160" status="PASS">
          <reporter-output>
          </reporter-output>
        </test-method> <!-- cartpg -->
        <test-method is-config="true" signature="afterMethod()[pri:0, instance:runner.Testcase3@5c87bfe2]" started-at="2023-09-30T12:07:07 UTC" name="afterMethod" finished-at="2023-09-30T12:07:07 UTC" duration-ms="212" status="PASS">
          <reporter-output>
          </reporter-output>
        </test-method> <!-- afterMethod -->
      </class> <!-- runner.Testcase3 -->
    </test> <!-- Surefire test -->
  </suite> <!-- Surefire suite -->
</testng-results>
